<?xml version="1.0" encoding="UTF-8"?>
<!-- Generated by org.testng.reporters.JUnitReportReporter -->
<testsuite skipped="0" hostname="NDI-LAP-563" name="TestCases.LoginPageTest" tests="1" failures="0" timestamp="27 Mar 2020 06:21:50 GMT" time="52.313" errors="0">
  <testcase name="verifyLoginFunctionality" time="52.313" classname="TestCases.LoginPageTest"/>
</testsuite> <!-- TestCases.LoginPageTest -->
