<?xml version="1.0" encoding="UTF-8"?>
<!-- Generated by org.testng.reporters.JUnitReportReporter -->
<testsuite skipped="1" hostname="NDI-LAP-563" name="TestCases.WDayTests" tests="1" failures="0" timestamp="17 Apr 2020 09:46:29 GMT" time="0.005" errors="0">
  <testcase name="verifyLoginFunctionality" time="0.005" classname="TestCases.WDayTests">
    <skipped/>
  </testcase> <!-- verifyLoginFunctionality -->
</testsuite> <!-- TestCases.WDayTests -->
